<?xml version="1.0" encoding="UTF-8"?>
<!-- Generated by org.testng.reporters.JUnitReportReporter -->
<testsuite hostname="XPS13" failures="0" tests="1" name="TestCases.Homepage_test" time="11.675" errors="0" timestamp="2020-08-07T16:19:07 EDT" skipped="0">
  <testcase classname="TestCases.Homepage_test" name="logolinktest" time="11.675"/>
  <system-out/>
</testsuite> <!-- TestCases.Homepage_test -->
