<?xml version="1.0" encoding="UTF-8"?>
<!-- Generated by org.testng.reporters.JUnitReportReporter -->
<testsuite hostname="XPS13" failures="0" tests="4" name="TestCases.Loginpage_test" time="72.882" errors="0" timestamp="2020-08-10T16:22:57 EDT" skipped="0">
  <testcase classname="TestCases.Loginpage_test" name="logolinktest" time="17.597"/>
  <system-out/>
  <testcase classname="TestCases.Loginpage_test" name="fillformTestInvalidEmailLogin" time="18.772"/>
  <system-out/>
  <testcase classname="TestCases.Loginpage_test" name="fillformTestEmptypwdLogin" time="18.292"/>
  <system-out/>
  <testcase classname="TestCases.Loginpage_test" name="fillformTestErrorMsgLogin" time="18.221"/>
  <system-out/>
</testsuite> <!-- TestCases.Loginpage_test -->
