<?xml version="1.0" encoding="UTF-8"?>
<!-- Generated by org.testng.reporters.JUnitReportReporter -->
<testsuite hostname="XPS13" failures="0" tests="7" name="TestCases.Signinpage_test" time="150.447" errors="0" timestamp="2020-08-10T16:10:01 EDT" skipped="0">
  <testcase classname="TestCases.Signinpage_test" name="fillformTestInvalidEmail" time="20.854"/>
  <system-out/>
  <testcase classname="TestCases.Signinpage_test" name="fillformTestInvalidPhone" time="22.178"/>
  <system-out/>
  <testcase classname="TestCases.Signinpage_test" name="fillformTestEmptyFirstname" time="23.796"/>
  <system-out/>
  <testcase classname="TestCases.Signinpage_test" name="fillformTestEmptyLastname" time="21.646"/>
  <system-out/>
  <testcase classname="TestCases.Signinpage_test" name="fillformTestWeakPwd" time="20.366"/>
  <system-out/>
  <testcase classname="TestCases.Signinpage_test" name="fillformTestPwdNotmatch" time="21.903"/>
  <system-out/>
  <testcase classname="TestCases.Signinpage_test" name="fillformTestTncTest" time="19.704"/>
  <system-out/>
</testsuite> <!-- TestCases.Signinpage_test -->
