<?xml version="1.0" encoding="UTF-8"?>
<!-- Generated by org.testng.reporters.JUnitReportReporter -->
<testsuite hostname="XPS13" failures="0" tests="1" name="TestCases.Cartpage_test" time="29.681" errors="0" timestamp="2020-08-10T14:39:55 EDT" skipped="0">
  <testcase classname="TestCases.Cartpage_test" name="searchentryTest" time="29.681"/>
  <system-out/>
</testsuite> <!-- TestCases.Cartpage_test -->
